[debug] [2023-01-18T05:14:28.004Z] ----------------------------------------------------------------------
[debug] [2023-01-18T05:14:28.006Z] Command:       D:\nodejs\node.exe C:\Users\tolga\AppData\Roaming\npm\node_modules\firebase-tools\lib\bin\firebase.js init
[debug] [2023-01-18T05:14:28.006Z] CLI Version:   11.20.0
[debug] [2023-01-18T05:14:28.007Z] Platform:      win32
[debug] [2023-01-18T05:14:28.007Z] Node Version:  v18.12.1
[debug] [2023-01-18T05:14:28.008Z] Time:          Wed Jan 18 2023 08:14:28 GMT+0300 (GMT+03:00)
[debug] [2023-01-18T05:14:28.008Z] ----------------------------------------------------------------------
[debug] 
[debug] [2023-01-18T05:14:28.079Z] > command requires scopes: ["email","openid","https://www.googleapis.com/auth/cloudplatformprojects.readonly","https://www.googleapis.com/auth/firebase","https://www.googleapis.com/auth/cloud-platform"]
[debug] [2023-01-18T05:14:28.079Z] > authorizing via signed-in user (tolga.sari.kaya@hotmail.com)
[info] 
     ######## #### ########  ######## ########     ###     ######  ########
     ##        ##  ##     ## ##       ##     ##  ##   ##  ##       ##
     ######    ##  ########  ######   ########  #########  ######  ######
     ##        ##  ##    ##  ##       ##     ## ##     ##       ## ##
     ##       #### ##     ## ######## ########  ##     ##  ######  ########

You're about to initialize a Firebase project in this directory:

  C:\Users\tolga\OneDrive\Masa端st端\React-Projects\poke-app\poke-app

Before we get started, keep in mind:

  * You are initializing within an existing Firebase project directory

[info] 
=== Project Setup
[info] 
[info] First, let's associate this project directory with a Firebase project.
[info] You can create multiple project aliases by running firebase use --add, 
[info] but for now we'll just set up a default project.
[info] 
[debug] [2023-01-18T05:14:40.527Z] Using project from CLI flag: poke-app-e3501
[debug] [2023-01-18T05:14:40.528Z] > refreshing access token with scopes: []
[debug] [2023-01-18T05:14:40.531Z] >>> [apiv2][query] POST https://www.googleapis.com/oauth2/v3/token [none]
[debug] [2023-01-18T05:14:40.531Z] >>> [apiv2][body] POST https://www.googleapis.com/oauth2/v3/token [omitted]
[debug] [2023-01-18T05:14:40.818Z] <<< [apiv2][status] POST https://www.googleapis.com/oauth2/v3/token 200
[debug] [2023-01-18T05:14:40.818Z] <<< [apiv2][body] POST https://www.googleapis.com/oauth2/v3/token [omitted]
[debug] [2023-01-18T05:14:40.839Z] >>> [apiv2][query] GET https://firebase.googleapis.com/v1beta1/projects/poke-app-e3501 [none]
[debug] [2023-01-18T05:14:41.229Z] <<< [apiv2][status] GET https://firebase.googleapis.com/v1beta1/projects/poke-app-e3501 200
[debug] [2023-01-18T05:14:41.229Z] <<< [apiv2][body] GET https://firebase.googleapis.com/v1beta1/projects/poke-app-e3501 {"projectId":"poke-app-e3501","projectNumber":"974154941462","displayName":"Poke-App","name":"projects/poke-app-e3501","resources":{"hostingSite":"poke-app-e3501"},"state":"ACTIVE","etag":"1_826eecba-cf97-4de6-84c9-bbc8894bdea0"}
[info] i  Using project poke-app-e3501 (Poke-App) 
[info] 
=== Hosting Setup
[info] 
[info] Your public directory is the folder (relative to your project directory) that
[info] will contain Hosting assets to be uploaded with firebase deploy. If you
[info] have a build process for your assets, use your build's output directory.
[info] 
[info] i  Skipping write of public/404.html 
[debug] [2023-01-18T05:15:33.721Z] >>> [apiv2][query] GET https://www.gstatic.com/firebasejs/releases.json [none]
[debug] [2023-01-18T05:15:33.909Z] <<< [apiv2][status] GET https://www.gstatic.com/firebasejs/releases.json 200
[debug] [2023-01-18T05:15:33.909Z] <<< [apiv2][body] GET https://www.gstatic.com/firebasejs/releases.json {"current":{"version":"9.15.0","browserURL":"https://www.gstatic.com/firebasejs/9.15.0/firebase.js","packageURL":"https://www.gstatic.com/firebasejs/9.15.0/firebase.tgz"},"live":{"version":"9.15","browserURL":"https://www.gstatic.com/firebasejs/live/9.15/firebase.js","packageURL":"https://www.gstatic.com/firebasejs/live/9.15/firebase.tgz"},"components":{"analytics":"https://www.gstatic.com/firebasejs/9.15.0/firebase-analytics.js","app":"https://www.gstatic.com/firebasejs/9.15.0/firebase-app.js","app-check":"https://www.gstatic.com/firebasejs/9.15.0/firebase-app-check.js","auth":"https://www.gstatic.com/firebasejs/9.15.0/firebase-auth.js","auth/cordova":"https://www.gstatic.com/firebasejs/9.15.0/firebase-auth/cordova.js","auth/react-native":"https://www.gstatic.com/firebasejs/9.15.0/firebase-auth/react-native.js","functions":"https://www.gstatic.com/firebasejs/9.15.0/firebase-functions.js","firestore":"https://www.gstatic.com/firebasejs/9.15.0/firebase-firestore.js","firestore/lite":"https://www.gstatic.com/firebasejs/9.15.0/firebase-firestore/lite.js","installations":"https://www.gstatic.com/firebasejs/9.15.0/firebase-installations.js","storage":"https://www.gstatic.com/firebasejs/9.15.0/firebase-storage.js","performance":"https://www.gstatic.com/firebasejs/9.15.0/firebase-performance.js","remote-config":"https://www.gstatic.com/firebasejs/9.15.0/firebase-remote-config.js","messaging":"https://www.gstatic.com/firebasejs/9.15.0/firebase-messaging.js","messaging/sw":"https://www.gstatic.com/firebasejs/9.15.0/firebase-messaging/sw.js","database":"https://www.gstatic.com/firebasejs/9.15.0/firebase-database.js","firestore.memory":"https://www.gstatic.com/firebasejs/9.15.0/firebase-firestore.memory.js"}}
[info] i  Skipping write of public/index.html 
[info] 
[info] i  Detected a .git folder at C:\Users\tolga\OneDrive\Masa端st端\React-Projects\poke-app\poke-app 
[info] i  Authorizing with GitHub to upload your service account to a GitHub repository's secrets store. 
[info] 
[info] Visit this URL on this device to log in:
[info] https://github.com/login/oauth/authorize?client_id=89cf50f02ac6aaed3484&state=268432026&redirect_uri=http%3A%2F%2Flocalhost%3A9005&scope=read%3Auser%20repo%20public_repo
[info] 
[info] Waiting for authentication...
[debug] [2023-01-18T05:15:39.254Z] >>> [apiv2][query] POST https://github.com/login/oauth/access_token [none]
[debug] [2023-01-18T05:15:39.255Z] >>> [apiv2][body] POST https://github.com/login/oauth/access_token [stream]
[debug] [2023-01-18T05:15:39.681Z] <<< [apiv2][status] POST https://github.com/login/oauth/access_token 200
[debug] [2023-01-18T05:15:39.681Z] <<< [apiv2][body] POST https://github.com/login/oauth/access_token {"access_token":"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","token_type":"bearer","scope":"read:user,repo"}
[debug] [2023-01-18T05:15:39.699Z] >>> [apiv2][query] GET https://api.github.com/user [none]
[debug] [2023-01-18T05:15:40.236Z] <<< [apiv2][status] GET https://api.github.com/user 200
[debug] [2023-01-18T05:15:40.236Z] <<< [apiv2][body] GET https://api.github.com/user {"login":"tolgasarikaya","id":101410787,"node_id":"U_kgDOBgtn4w","avatar_url":"https://avatars.githubusercontent.com/u/101410787?v=4","gravatar_id":"","url":"https://api.github.com/users/tolgasarikaya","html_url":"https://github.com/tolgasarikaya","followers_url":"https://api.github.com/users/tolgasarikaya/followers","following_url":"https://api.github.com/users/tolgasarikaya/following{/other_user}","gists_url":"https://api.github.com/users/tolgasarikaya/gists{/gist_id}","starred_url":"https://api.github.com/users/tolgasarikaya/starred{/owner}{/repo}","subscriptions_url":"https://api.github.com/users/tolgasarikaya/subscriptions","organizations_url":"https://api.github.com/users/tolgasarikaya/orgs","repos_url":"https://api.github.com/users/tolgasarikaya/repos","events_url":"https://api.github.com/users/tolgasarikaya/events{/privacy}","received_events_url":"https://api.github.com/users/tolgasarikaya/received_events","type":"User","site_admin":false,"name":null,"company":null,"blog":"","location":null,"email":null,"hireable":null,"bio":null,"twitter_username":null,"public_repos":4,"public_gists":1,"followers":3,"following":3,"created_at":"2022-03-11T14:21:58Z","updated_at":"2023-01-09T21:30:21Z","private_gists":0,"total_private_repos":10,"owned_private_repos":10,"disk_usage":5725,"collaborators":2,"two_factor_authentication":false,"plan":{"name":"free","space":976562499,"collaborators":0,"private_repos":10000}}
[info] 
[info] +  Success! Logged into GitHub as tolgasarikaya 
[info] 
